La génération a démarré 11/22/2016 11:36:21 PM.
     1>Projet "C:\Users\seb\Documents\ETS\Session3\INF145\TIPITROFFICIEL\Projet1\Projet1\Projet1.vcxproj" sur le nœud 2 (Build cible(s)).
     1>ClCompile:
         C:\Program Files (x86)\Microsoft Visual Studio 12.0\VC\bin\CL.exe /c /ZI /nologo /W3 /WX- /sdl /Od /Oy- /D _MBCS /Gm /EHsc /RTC1 /MDd /GS /fp:precise /Zc:wchar_t /Zc:forScope /Fo"Debug\\" /Fd"Debug\vc120.pdb" /Gd /TP /analyze- /errorReport:prompt demarrer_simulation.cpp mtwister.cpp m_gestion_menu.cpp m_graphique.cpp m_util_dialogue.cpp m_util_ES.cpp m_util_fonctions.cpp t_appareil.cpp t_boite.cpp t_disjoncteur.cpp t_liste.cpp t_pile.cpp winBGIm.cpp
         winBGIm.cpp
     1>c:\users\seb\documents\ets\session3\inf145\tipitrofficiel\projet1\projet1\winbgim.h(361): warning C4273: 'getch' : liaison DLL incohérente
                 c:\program files (x86)\microsoft visual studio 12.0\vc\include\conio.h(131) : voir la définition précédente de 'getch'
     1>c:\users\seb\documents\ets\session3\inf145\tipitrofficiel\projet1\projet1\winbgim.h(363): warning C4273: 'kbhit' : liaison DLL incohérente
                 c:\program files (x86)\microsoft visual studio 12.0\vc\include\conio.h(133) : voir la définition précédente de 'kbhit'
     1>c:\users\seb\documents\ets\session3\inf145\tipitrofficiel\projet1\projet1\winbgim.cpp(610): error C4996: 'sprintf': This function or variable may be unsafe. Consider using sprintf_s instead. To disable deprecation, use _CRT_SECURE_NO_WARNINGS. See online help for details.
                 c:\program files (x86)\microsoft visual studio 12.0\vc\include\stdio.h(356) : voir la déclaration de 'sprintf'
         t_pile.cpp
         t_liste.cpp
         t_disjoncteur.cpp
     1>c:\users\seb\documents\ets\session3\inf145\tipitrofficiel\projet1\projet1\t_disjoncteur.cpp(26): warning C4244: 'return' : conversion de 'const double' en 'int', perte possible de données
         t_boite.cpp
     1>c:\users\seb\documents\ets\session3\inf145\tipitrofficiel\projet1\projet1\winbgim.h(361): warning C4273: 'getch' : liaison DLL incohérente
                 c:\program files (x86)\microsoft visual studio 12.0\vc\include\conio.h(131) : voir la définition précédente de 'getch'
     1>c:\users\seb\documents\ets\session3\inf145\tipitrofficiel\projet1\projet1\winbgim.h(363): warning C4273: 'kbhit' : liaison DLL incohérente
                 c:\program files (x86)\microsoft visual studio 12.0\vc\include\conio.h(133) : voir la définition précédente de 'kbhit'
     1>c:\users\seb\documents\ets\session3\inf145\tipitrofficiel\projet1\projet1\t_boite.cpp(136): error C2143: erreur de syntaxe : absence de ';' avant '}'
         t_appareil.cpp
     1>c:\users\seb\documents\ets\session3\inf145\tipitrofficiel\projet1\projet1\t_appareil.cpp(11): error C2440: '=' : impossible de convertir de 'char []' en 't_chaine'
                 Aucune conversion en types tableau, même s'il y a des conversions en références ou en pointeurs de tableau
     1>c:\users\seb\documents\ets\session3\inf145\tipitrofficiel\projet1\projet1\t_appareil.cpp(12): error C2440: '=' : impossible de convertir de 'char []' en 't_chaine'
                 Aucune conversion en types tableau, même s'il y a des conversions en références ou en pointeurs de tableau
         m_util_fonctions.cpp
         m_util_ES.cpp
     1>c:\users\seb\documents\ets\session3\inf145\tipitrofficiel\projet1\projet1\winbgim.h(361): warning C4273: 'getch' : liaison DLL incohérente
                 c:\program files (x86)\microsoft visual studio 12.0\vc\include\conio.h(131) : voir la définition précédente de 'getch'
     1>c:\users\seb\documents\ets\session3\inf145\tipitrofficiel\projet1\projet1\winbgim.h(363): warning C4273: 'kbhit' : liaison DLL incohérente
                 c:\program files (x86)\microsoft visual studio 12.0\vc\include\conio.h(133) : voir la définition précédente de 'kbhit'
     1>c:\users\seb\documents\ets\session3\inf145\tipitrofficiel\projet1\projet1\m_util_es.cpp(179): error C4996: 'strcpy': This function or variable may be unsafe. Consider using strcpy_s instead. To disable deprecation, use _CRT_SECURE_NO_WARNINGS. See online help for details.
                 c:\program files (x86)\microsoft visual studio 12.0\vc\include\string.h(112) : voir la déclaration de 'strcpy'
     1>c:\users\seb\documents\ets\session3\inf145\tipitrofficiel\projet1\projet1\m_util_es.cpp(220): warning C4244: 'argument' : conversion de 'const double' en 'int', perte possible de données
         m_util_dialogue.cpp
     1>c:\users\seb\documents\ets\session3\inf145\tipitrofficiel\projet1\projet1\winbgim.h(361): warning C4273: 'getch' : liaison DLL incohérente
                 c:\program files (x86)\microsoft visual studio 12.0\vc\include\conio.h(131) : voir la définition précédente de 'getch'
     1>c:\users\seb\documents\ets\session3\inf145\tipitrofficiel\projet1\projet1\winbgim.h(363): warning C4273: 'kbhit' : liaison DLL incohérente
                 c:\program files (x86)\microsoft visual studio 12.0\vc\include\conio.h(133) : voir la définition précédente de 'kbhit'
         m_graphique.cpp
     1>c:\users\seb\documents\ets\session3\inf145\tipitrofficiel\projet1\projet1\winbgim.h(361): warning C4273: 'getch' : liaison DLL incohérente
                 c:\program files (x86)\microsoft visual studio 12.0\vc\include\conio.h(131) : voir la définition précédente de 'getch'
     1>c:\users\seb\documents\ets\session3\inf145\tipitrofficiel\projet1\projet1\winbgim.h(363): warning C4273: 'kbhit' : liaison DLL incohérente
                 c:\program files (x86)\microsoft visual studio 12.0\vc\include\conio.h(133) : voir la définition précédente de 'kbhit'
     1>c:\users\seb\documents\ets\session3\inf145\tipitrofficiel\projet1\projet1\m_graphique.cpp(44): error C4996: 'itoa': The POSIX name for this item is deprecated. Instead, use the ISO C++ conformant name: _itoa. See online help for details.
                 c:\program files (x86)\microsoft visual studio 12.0\vc\include\stdlib.h(937) : voir la déclaration de 'itoa'
     1>c:\users\seb\documents\ets\session3\inf145\tipitrofficiel\projet1\projet1\m_graphique.cpp(125): warning C4244: 'argument' : conversion de 'double' en 'int', perte possible de données
         m_gestion_menu.cpp
     1>c:\users\seb\documents\ets\session3\inf145\tipitrofficiel\projet1\projet1\winbgim.h(361): warning C4273: 'getch' : liaison DLL incohérente
                 c:\program files (x86)\microsoft visual studio 12.0\vc\include\conio.h(131) : voir la définition précédente de 'getch'
     1>c:\users\seb\documents\ets\session3\inf145\tipitrofficiel\projet1\projet1\winbgim.h(363): warning C4273: 'kbhit' : liaison DLL incohérente
                 c:\program files (x86)\microsoft visual studio 12.0\vc\include\conio.h(133) : voir la définition précédente de 'kbhit'
     1>c:\users\seb\documents\ets\session3\inf145\tipitrofficiel\projet1\projet1\m_gestion_menu.cpp(94): error C3861: 'installer_disjoncteur' : identificateur introuvable
     1>c:\users\seb\documents\ets\session3\inf145\tipitrofficiel\projet1\projet1\m_gestion_menu.cpp(110): error C3861: 'obtenir_appareils' : identificateur introuvable
     1>c:\users\seb\documents\ets\session3\inf145\tipitrofficiel\projet1\projet1\m_gestion_menu.cpp(216): error C3861: 'ajouter_appareil' : identificateur introuvable
     1>c:\users\seb\documents\ets\session3\inf145\tipitrofficiel\projet1\projet1\m_gestion_menu.cpp(238): error C3861: 'vider_boite' : identificateur introuvable
     1>c:\users\seb\documents\ets\session3\inf145\tipitrofficiel\projet1\projet1\m_gestion_menu.cpp(262): error C2039: 'liste_appareils' : n'est pas membre de 't_disjoncteur'
                 c:\users\seb\documents\ets\session3\inf145\tipitrofficiel\projet1\projet1\t_disjoncteur.h(51) : voir la déclaration de 't_disjoncteur'
     1>c:\users\seb\documents\ets\session3\inf145\tipitrofficiel\projet1\projet1\m_gestion_menu.cpp(262): error C2660: 'init_liste' : la fonction ne prend pas 1 arguments
         mtwister.cpp
     1>c:\users\seb\documents\ets\session3\inf145\tipitrofficiel\projet1\projet1\mtwister.cpp(329): warning C4244: '=' : conversion de 'time_t' en 'unsigned long', perte possible de données
         demarrer_simulation.cpp
     1>c:\users\seb\documents\ets\session3\inf145\tipitrofficiel\projet1\projet1\winbgim.h(361): warning C4273: 'getch' : liaison DLL incohérente
                 c:\program files (x86)\microsoft visual studio 12.0\vc\include\conio.h(131) : voir la définition précédente de 'getch'
     1>c:\users\seb\documents\ets\session3\inf145\tipitrofficiel\projet1\projet1\winbgim.h(363): warning C4273: 'kbhit' : liaison DLL incohérente
                 c:\program files (x86)\microsoft visual studio 12.0\vc\include\conio.h(133) : voir la définition précédente de 'kbhit'
     1>c:\users\seb\documents\ets\session3\inf145\tipitrofficiel\projet1\projet1\demarrer_simulation.cpp(91): warning C4244: 'argument' : conversion de 'time_t' en 'unsigned long', perte possible de données
     1>c:\users\seb\documents\ets\session3\inf145\tipitrofficiel\projet1\projet1\demarrer_simulation.cpp(108): error C2679: '=' binaire : aucun opérateur trouvé qui accepte un opérande de partie droite de type 't_boite *' (ou il n'existe pas de conversion acceptable)
                 c:\users\seb\documents\ets\session3\inf145\tipitrofficiel\projet1\projet1\t_boite.h(64): peut être 't_boite &t_boite::operator =(const t_boite &)'
                 lors de la tentative de mise en correspondance de la liste des arguments '(t_boite, t_boite *)'
     1>c:\users\seb\documents\ets\session3\inf145\tipitrofficiel\projet1\projet1\demarrer_simulation.cpp(134): error C3861: 'vider_boite' : identificateur introuvable
     1>c:\users\seb\documents\ets\session3\inf145\tipitrofficiel\projet1\projet1\demarrer_simulation.cpp(188): error C3861: 'installer_disjoncteur' : identificateur introuvable
     1>c:\users\seb\documents\ets\session3\inf145\tipitrofficiel\projet1\projet1\demarrer_simulation.cpp(231): error C3861: 'ajouter_des_appareils' : identificateur introuvable
     1>c:\users\seb\documents\ets\session3\inf145\tipitrofficiel\projet1\projet1\demarrer_simulation.cpp(234): error C3861: 'afficher_appareils' : identificateur introuvable
     1>c:\users\seb\documents\ets\session3\inf145\tipitrofficiel\projet1\projet1\demarrer_simulation.cpp(235): error C3861: 'retirer_appareil' : identificateur introuvable
     1>c:\users\seb\documents\ets\session3\inf145\tipitrofficiel\projet1\projet1\demarrer_simulation.cpp(245): error C3861: 'suggerer_disjoncteurs' : identificateur introuvable
     1>c:\users\seb\documents\ets\session3\inf145\tipitrofficiel\projet1\projet1\demarrer_simulation.cpp(247): error C3861: 'defaire_retraits' : identificateur introuvable
         Génération de code en cours...
     1>c:\users\seb\documents\ets\session3\inf145\tipitrofficiel\projet1\projet1\t_disjoncteur.cpp(71): error C4700: variable locale 'element' non initialisée utilisée
     1>c:\users\seb\documents\ets\session3\inf145\tipitrofficiel\projet1\projet1\t_disjoncteur.cpp(147): error C4700: variable locale 'element' non initialisée utilisée
     1>Génération du projet "C:\Users\seb\Documents\ETS\Session3\INF145\TIPITROFFICIEL\Projet1\Projet1\Projet1.vcxproj" terminée (Build cible(s)) -- ÉCHEC.

ÉCHEC de la build.

Temps écoulé 00:00:03.19
